<?xml version="1.0" encoding="utf-8"?><testsuites><testsuite name="pytest" errors="0" failures="0" skipped="0" tests="3" time="60.027" timestamp="2021-01-08T01:23:20.741049" hostname="Josephs-MacBook-Pro.local"><testcase classname="tests.test_datstructures" name="testcircularlist" time="0.004" /><testcase classname="tests.test_datstructures" name="testcirculardict" time="0.001" /><testcase classname="tests.test_startstop" name="teststartstop" time="58.223" /></testsuite></testsuites>