<?xml version="1.0" encoding="utf-8"?><testsuites><testsuite name="pytest" errors="0" failures="0" skipped="0" tests="2" time="0.915" timestamp="2021-01-08T00:49:36.518414" hostname="Josephs-MacBook-Pro.local"><testcase classname="tests.test_datstructures" name="testcircularlist" time="0.003" /><testcase classname="tests.test_datstructures" name="testcirculardict" time="0.001" /></testsuite></testsuites>