<?xml version="1.0" encoding="utf-8"?><testsuites><testsuite name="pytest" errors="0" failures="0" skipped="0" tests="3" time="69.699" timestamp="2021-01-08T14:46:52.736607" hostname="Josephs-MacBook-Pro.local"><testcase classname="tests.test_datstructures" name="testcircularlist" time="0.007" /><testcase classname="tests.test_datstructures" name="testcirculardict" time="0.009" /><testcase classname="tests.test_startstop" name="teststartstop" time="67.303" /></testsuite></testsuites>